app/build/intermediates/manifest_merge_blame_file/debug/manifest-merger-blame-debug-report.txt
1<?xml version="1.0" encoding="utf-8"?>
2<manifest xmlns:android="http://schemas.android.com/apk/res/android"
3    package="com.example.tomenaguita"
4    android:versionCode="1"
5    android:versionName="1.0" >
6
7    <uses-sdk
8        android:minSdkVersion="24"
9        android:targetSdkVersion="34" />
10
11    <uses-permission android:name="android.permission.INTERNET" />
11-->src\main\AndroidManifest.xml:4:5-67
11-->src\main\AndroidManifest.xml:4:22-64
12    <uses-permission android:name="android.permission.CAMERA" />
12-->src\main\AndroidManifest.xml:5:5-65
12-->src\main\AndroidManifest.xml:5:22-62
13    <uses-permission
13-->src\main\AndroidManifest.xml:6:5-7:38
14        android:name="android.permission.READ_EXTERNAL_STORAGE"
14-->src\main\AndroidManifest.xml:6:22-77
15        android:maxSdkVersion="32" />
15-->src\main\AndroidManifest.xml:7:9-35
16    <uses-permission android:name="android.permission.READ_MEDIA_IMAGES" />
16-->src\main\AndroidManifest.xml:8:5-76
16-->src\main\AndroidManifest.xml:8:22-73
17    <uses-permission android:name="android.permission.ACCESS_FINE_LOCATION" />
17-->src\main\AndroidManifest.xml:9:5-79
17-->src\main\AndroidManifest.xml:9:22-76
18    <uses-permission android:name="android.permission.ACCESS_COARSE_LOCATION" />
18-->src\main\AndroidManifest.xml:10:5-81
18-->src\main\AndroidManifest.xml:10:22-78
19    <uses-permission android:name="android.permission.USE_BIOMETRIC" />
19-->src\main\AndroidManifest.xml:11:5-72
19-->src\main\AndroidManifest.xml:11:22-69
20
21    <uses-feature
21-->src\main\AndroidManifest.xml:13:5-15:36
22        android:name="android.hardware.camera"
22-->src\main\AndroidManifest.xml:14:9-47
23        android:required="false" />
23-->src\main\AndroidManifest.xml:15:9-33
24    <!-- See https://developer.android.com/training/package-visibility/declaring for more details. -->
25    <queries>
25-->[com.stripe:payments-core:20.36.0] AndroidManifest.xml:8:5-12:15
26
27        <!-- Added to check if Chrome is installed for browser-based payment authentication (e.g. 3DS1). -->
28        <package android:name="com.android.chrome" />
28-->[com.stripe:payments-core:20.36.0] AndroidManifest.xml:11:9-54
28-->[com.stripe:payments-core:20.36.0] AndroidManifest.xml:11:18-51
29        <!-- Needs to be explicitly declared on Android R+ -->
30        <package android:name="com.google.android.apps.maps" />
30-->[com.google.android.gms:play-services-maps:18.2.0] AndroidManifest.xml:33:9-64
30-->[com.google.android.gms:play-services-maps:18.2.0] AndroidManifest.xml:33:18-61
31    </queries> <!-- suppress DeprecatedClassUsageInspection -->
32    <uses-permission android:name="android.permission.USE_FINGERPRINT" /> <!-- Include required permissions for Google Maps API to run. -->
32-->[androidx.biometric:biometric:1.1.0] AndroidManifest.xml:27:5-74
32-->[androidx.biometric:biometric:1.1.0] AndroidManifest.xml:27:22-71
33    <uses-permission android:name="android.permission.ACCESS_NETWORK_STATE" />
33-->[com.google.android.gms:play-services-maps:18.2.0] AndroidManifest.xml:23:5-79
33-->[com.google.android.gms:play-services-maps:18.2.0] AndroidManifest.xml:23:22-76
34
35    <uses-feature
35-->[com.google.android.gms:play-services-maps:18.2.0] AndroidManifest.xml:26:5-28:35
36        android:glEsVersion="0x00020000"
36-->[com.google.android.gms:play-services-maps:18.2.0] AndroidManifest.xml:27:9-41
37        android:required="true" />
37-->[com.google.android.gms:play-services-maps:18.2.0] AndroidManifest.xml:28:9-32
38
39    <permission
39-->[androidx.core:core:1.12.0] AndroidManifest.xml:22:5-24:47
40        android:name="com.example.tomenaguita.DYNAMIC_RECEIVER_NOT_EXPORTED_PERMISSION"
40-->[androidx.core:core:1.12.0] AndroidManifest.xml:23:9-81
41        android:protectionLevel="signature" />
41-->[androidx.core:core:1.12.0] AndroidManifest.xml:24:9-44
42
43    <uses-permission android:name="com.example.tomenaguita.DYNAMIC_RECEIVER_NOT_EXPORTED_PERMISSION" />
43-->[androidx.core:core:1.12.0] AndroidManifest.xml:26:5-97
43-->[androidx.core:core:1.12.0] AndroidManifest.xml:26:22-94
44
45    <application
45-->src\main\AndroidManifest.xml:17:5-74:19
46        android:allowBackup="true"
46-->src\main\AndroidManifest.xml:18:9-35
47        android:appComponentFactory="androidx.core.app.CoreComponentFactory"
47-->[androidx.core:core:1.12.0] AndroidManifest.xml:28:18-86
48        android:debuggable="true"
49        android:extractNativeLibs="false"
50        android:icon="@mipmap/ic_launcher"
50-->src\main\AndroidManifest.xml:19:9-43
51        android:label="@string/app_name"
51-->src\main\AndroidManifest.xml:20:9-41
52        android:roundIcon="@mipmap/ic_launcher_round"
52-->src\main\AndroidManifest.xml:21:9-54
53        android:supportsRtl="true"
53-->src\main\AndroidManifest.xml:22:9-35
54        android:testOnly="true"
55        android:theme="@style/Theme.TomenAguita" >
55-->src\main\AndroidManifest.xml:23:9-49
56
57        <!-- API Key de Google Maps SDK — reemplazar con la clave real desde Google Cloud Console -->
58        <meta-data
58-->src\main\AndroidManifest.xml:26:9-28:71
59            android:name="com.google.android.geo.API_KEY"
59-->src\main\AndroidManifest.xml:27:13-58
60            android:value="AIzaSyDt56JPnWnQ-1shIVnXNKo0iGO9ulO_y1o" />
60-->src\main\AndroidManifest.xml:28:13-68
61
62        <activity
62-->src\main\AndroidManifest.xml:30:9-38:20
63            android:name="com.example.tomenaguita.ui.splash.SplashActivity"
63-->src\main\AndroidManifest.xml:31:13-53
64            android:exported="true"
64-->src\main\AndroidManifest.xml:32:13-36
65            android:theme="@style/Theme.TomenAguita.Splash" >
65-->src\main\AndroidManifest.xml:33:13-60
66            <intent-filter>
66-->src\main\AndroidManifest.xml:34:13-37:29
67                <action android:name="android.intent.action.MAIN" />
67-->src\main\AndroidManifest.xml:35:17-69
67-->src\main\AndroidManifest.xml:35:25-66
68
69                <category android:name="android.intent.category.LAUNCHER" />
69-->src\main\AndroidManifest.xml:36:17-77
69-->src\main\AndroidManifest.xml:36:27-74
70            </intent-filter>
71        </activity>
72        <activity
72-->src\main\AndroidManifest.xml:40:9-42:40
73            android:name="com.example.tomenaguita.ui.auth.LoginActivity"
73-->src\main\AndroidManifest.xml:41:13-50
74            android:exported="false" />
74-->src\main\AndroidManifest.xml:42:13-37
75        <activity
75-->src\main\AndroidManifest.xml:44:9-46:40
76            android:name="com.example.tomenaguita.ui.auth.RegisterActivity"
76-->src\main\AndroidManifest.xml:45:13-53
77            android:exported="false" />
77-->src\main\AndroidManifest.xml:46:13-37
78        <activity
78-->src\main\AndroidManifest.xml:48:9-50:40
79            android:name="com.example.tomenaguita.ui.auth.ForgotPasswordActivity"
79-->src\main\AndroidManifest.xml:49:13-59
80            android:exported="false" />
80-->src\main\AndroidManifest.xml:50:13-37
81        <activity
81-->src\main\AndroidManifest.xml:52:9-54:40
82            android:name="com.example.tomenaguita.ui.comprador.CompradorMainActivity"
82-->src\main\AndroidManifest.xml:53:13-63
83            android:exported="false" />
83-->src\main\AndroidManifest.xml:54:13-37
84        <activity
84-->src\main\AndroidManifest.xml:56:9-58:40
85            android:name="com.example.tomenaguita.ui.vendedor.VendedorMainActivity"
85-->src\main\AndroidManifest.xml:57:13-61
86            android:exported="false" />
86-->src\main\AndroidManifest.xml:58:13-37
87        <activity
87-->src\main\AndroidManifest.xml:60:9-62:40
88            android:name="com.example.tomenaguita.ui.admin.AdminMainActivity"
88-->src\main\AndroidManifest.xml:61:13-55
89            android:exported="false" />
89-->src\main\AndroidManifest.xml:62:13-37
90
91        <provider
92            android:name="androidx.core.content.FileProvider"
92-->src\main\AndroidManifest.xml:65:13-62
93            android:authorities="com.example.tomenaguita.fileprovider"
93-->src\main\AndroidManifest.xml:66:13-64
94            android:exported="false"
94-->src\main\AndroidManifest.xml:67:13-37
95            android:grantUriPermissions="true" >
95-->src\main\AndroidManifest.xml:68:13-47
96            <meta-data
96-->src\main\AndroidManifest.xml:69:13-71:54
97                android:name="android.support.FILE_PROVIDER_PATHS"
97-->src\main\AndroidManifest.xml:70:17-67
98                android:resource="@xml/file_paths" />
98-->src\main\AndroidManifest.xml:71:17-51
99        </provider>
100
101        <activity
101-->[com.stripe:paymentsheet:20.36.0] AndroidManifest.xml:8:9-12:58
102            android:name="com.stripe.android.paymentsheet.PaymentSheetActivity"
102-->[com.stripe:paymentsheet:20.36.0] AndroidManifest.xml:9:13-80
103            android:exported="false"
103-->[com.stripe:paymentsheet:20.36.0] AndroidManifest.xml:10:13-37
104            android:theme="@style/StripePaymentSheetDefaultTheme"
104-->[com.stripe:paymentsheet:20.36.0] AndroidManifest.xml:11:13-66
105            android:windowSoftInputMode="adjustResize" />
105-->[com.stripe:paymentsheet:20.36.0] AndroidManifest.xml:12:13-55
106        <activity
106-->[com.stripe:paymentsheet:20.36.0] AndroidManifest.xml:13:9-17:58
107            android:name="com.stripe.android.paymentsheet.PaymentOptionsActivity"
107-->[com.stripe:paymentsheet:20.36.0] AndroidManifest.xml:14:13-82
108            android:exported="false"
108-->[com.stripe:paymentsheet:20.36.0] AndroidManifest.xml:15:13-37
109            android:theme="@style/StripePaymentSheetDefaultTheme"
109-->[com.stripe:paymentsheet:20.36.0] AndroidManifest.xml:16:13-66
110            android:windowSoftInputMode="adjustResize" />
110-->[com.stripe:paymentsheet:20.36.0] AndroidManifest.xml:17:13-55
111        <activity
111-->[com.stripe:paymentsheet:20.36.0] AndroidManifest.xml:18:9-22:58
112            android:name="com.stripe.android.customersheet.CustomerSheetActivity"
112-->[com.stripe:paymentsheet:20.36.0] AndroidManifest.xml:19:13-82
113            android:exported="false"
113-->[com.stripe:paymentsheet:20.36.0] AndroidManifest.xml:20:13-37
114            android:theme="@style/StripePaymentSheetDefaultTheme"
114-->[com.stripe:paymentsheet:20.36.0] AndroidManifest.xml:21:13-66
115            android:windowSoftInputMode="adjustResize" />
115-->[com.stripe:paymentsheet:20.36.0] AndroidManifest.xml:22:13-55
116        <activity
116-->[com.stripe:paymentsheet:20.36.0] AndroidManifest.xml:23:9-26:69
117            android:name="com.stripe.android.paymentsheet.addresselement.AddressElementActivity"
117-->[com.stripe:paymentsheet:20.36.0] AndroidManifest.xml:24:13-97
118            android:exported="false"
118-->[com.stripe:paymentsheet:20.36.0] AndroidManifest.xml:25:13-37
119            android:theme="@style/StripePaymentSheetDefaultTheme" />
119-->[com.stripe:paymentsheet:20.36.0] AndroidManifest.xml:26:13-66
120        <activity
120-->[com.stripe:paymentsheet:20.36.0] AndroidManifest.xml:27:9-30:69
121            android:name="com.stripe.android.paymentsheet.paymentdatacollection.bacs.BacsMandateConfirmationActivity"
121-->[com.stripe:paymentsheet:20.36.0] AndroidManifest.xml:28:13-118
122            android:exported="false"
122-->[com.stripe:paymentsheet:20.36.0] AndroidManifest.xml:29:13-37
123            android:theme="@style/StripePaymentSheetDefaultTheme" />
123-->[com.stripe:paymentsheet:20.36.0] AndroidManifest.xml:30:13-66
124        <activity
124-->[com.stripe:paymentsheet:20.36.0] AndroidManifest.xml:31:9-34:69
125            android:name="com.stripe.android.paymentsheet.paymentdatacollection.polling.PollingActivity"
125-->[com.stripe:paymentsheet:20.36.0] AndroidManifest.xml:32:13-105
126            android:exported="false"
126-->[com.stripe:paymentsheet:20.36.0] AndroidManifest.xml:33:13-37
127            android:theme="@style/StripePaymentSheetDefaultTheme" />
127-->[com.stripe:paymentsheet:20.36.0] AndroidManifest.xml:34:13-66
128        <activity
128-->[com.stripe:paymentsheet:20.36.0] AndroidManifest.xml:35:9-38:69
129            android:name="com.stripe.android.paymentsheet.ui.SepaMandateActivity"
129-->[com.stripe:paymentsheet:20.36.0] AndroidManifest.xml:36:13-82
130            android:exported="false"
130-->[com.stripe:paymentsheet:20.36.0] AndroidManifest.xml:37:13-37
131            android:theme="@style/StripePaymentSheetDefaultTheme" />
131-->[com.stripe:paymentsheet:20.36.0] AndroidManifest.xml:38:13-66
132        <activity
132-->[com.stripe:link:20.36.0] AndroidManifest.xml:8:9-13:61
133            android:name="com.stripe.android.link.LinkForegroundActivity"
133-->[com.stripe:link:20.36.0] AndroidManifest.xml:9:13-74
134            android:autoRemoveFromRecents="true"
134-->[com.stripe:link:20.36.0] AndroidManifest.xml:10:13-49
135            android:configChanges="orientation|keyboard|keyboardHidden|screenLayout|screenSize|smallestScreenSize"
135-->[com.stripe:link:20.36.0] AndroidManifest.xml:11:13-115
136            android:launchMode="singleTop"
136-->[com.stripe:link:20.36.0] AndroidManifest.xml:12:13-43
137            android:theme="@style/StripeTransparentTheme" />
137-->[com.stripe:link:20.36.0] AndroidManifest.xml:13:13-58
138        <activity
138-->[com.stripe:link:20.36.0] AndroidManifest.xml:14:9-31:20
139            android:name="com.stripe.android.link.LinkRedirectHandlerActivity"
139-->[com.stripe:link:20.36.0] AndroidManifest.xml:15:13-79
140            android:autoRemoveFromRecents="true"
140-->[com.stripe:link:20.36.0] AndroidManifest.xml:16:13-49
141            android:exported="true"
141-->[com.stripe:link:20.36.0] AndroidManifest.xml:17:13-36
142            android:launchMode="singleInstance"
142-->[com.stripe:link:20.36.0] AndroidManifest.xml:18:13-48
143            android:theme="@style/StripeTransparentTheme" >
143-->[com.stripe:link:20.36.0] AndroidManifest.xml:19:13-58
144            <intent-filter>
144-->[com.stripe:link:20.36.0] AndroidManifest.xml:20:13-30:29
145                <action android:name="android.intent.action.VIEW" />
145-->[com.stripe:link:20.36.0] AndroidManifest.xml:21:17-69
145-->[com.stripe:link:20.36.0] AndroidManifest.xml:21:25-66
146
147                <category android:name="android.intent.category.DEFAULT" />
147-->[com.stripe:link:20.36.0] AndroidManifest.xml:23:17-76
147-->[com.stripe:link:20.36.0] AndroidManifest.xml:23:27-73
148                <category android:name="android.intent.category.BROWSABLE" />
148-->[com.stripe:link:20.36.0] AndroidManifest.xml:24:17-78
148-->[com.stripe:link:20.36.0] AndroidManifest.xml:24:27-75
149
150                <data
150-->[com.stripe:link:20.36.0] AndroidManifest.xml:26:17-29:51
151                    android:host="complete"
151-->[com.stripe:link:20.36.0] AndroidManifest.xml:27:21-44
152                    android:path="/com.example.tomenaguita"
152-->[com.stripe:link:20.36.0] AndroidManifest.xml:28:21-53
153                    android:scheme="link-popup" />
153-->[com.stripe:link:20.36.0] AndroidManifest.xml:29:21-48
154            </intent-filter>
155        </activity>
156        <activity
156-->[com.stripe:payments-ui-core:20.36.0] AndroidManifest.xml:8:9-11:69
157            android:name="com.stripe.android.ui.core.cardscan.CardScanActivity"
157-->[com.stripe:payments-ui-core:20.36.0] AndroidManifest.xml:9:13-80
158            android:exported="false"
158-->[com.stripe:payments-ui-core:20.36.0] AndroidManifest.xml:10:13-37
159            android:theme="@style/StripePaymentSheetDefaultTheme" />
159-->[com.stripe:payments-ui-core:20.36.0] AndroidManifest.xml:11:13-66
160        <activity
160-->[com.stripe:payments-core:20.36.0] AndroidManifest.xml:15:9-18:57
161            android:name="com.stripe.android.view.AddPaymentMethodActivity"
161-->[com.stripe:payments-core:20.36.0] AndroidManifest.xml:16:13-76
162            android:exported="false"
162-->[com.stripe:payments-core:20.36.0] AndroidManifest.xml:17:13-37
163            android:theme="@style/StripeDefaultTheme" />
163-->[com.stripe:payments-core:20.36.0] AndroidManifest.xml:18:13-54
164        <activity
164-->[com.stripe:payments-core:20.36.0] AndroidManifest.xml:19:9-22:57
165            android:name="com.stripe.android.view.PaymentMethodsActivity"
165-->[com.stripe:payments-core:20.36.0] AndroidManifest.xml:20:13-74
166            android:exported="false"
166-->[com.stripe:payments-core:20.36.0] AndroidManifest.xml:21:13-37
167            android:theme="@style/StripeDefaultTheme" />
167-->[com.stripe:payments-core:20.36.0] AndroidManifest.xml:22:13-54
168        <activity
168-->[com.stripe:payments-core:20.36.0] AndroidManifest.xml:23:9-26:57
169            android:name="com.stripe.android.view.PaymentFlowActivity"
169-->[com.stripe:payments-core:20.36.0] AndroidManifest.xml:24:13-71
170            android:exported="false"
170-->[com.stripe:payments-core:20.36.0] AndroidManifest.xml:25:13-37
171            android:theme="@style/StripeDefaultTheme" />
171-->[com.stripe:payments-core:20.36.0] AndroidManifest.xml:26:13-54
172        <activity
172-->[com.stripe:payments-core:20.36.0] AndroidManifest.xml:27:9-31:58
173            android:name="com.stripe.android.view.PaymentAuthWebViewActivity"
173-->[com.stripe:payments-core:20.36.0] AndroidManifest.xml:28:13-78
174            android:exported="false"
174-->[com.stripe:payments-core:20.36.0] AndroidManifest.xml:29:13-37
175            android:theme="@style/StripeDefaultTheme"
175-->[com.stripe:payments-core:20.36.0] AndroidManifest.xml:30:13-54
176            android:windowSoftInputMode="adjustResize" />
176-->[com.stripe:payments-core:20.36.0] AndroidManifest.xml:31:13-55
177        <activity
177-->[com.stripe:payments-core:20.36.0] AndroidManifest.xml:32:9-35:61
178            android:name="com.stripe.android.view.PaymentRelayActivity"
178-->[com.stripe:payments-core:20.36.0] AndroidManifest.xml:33:13-72
179            android:exported="false"
179-->[com.stripe:payments-core:20.36.0] AndroidManifest.xml:34:13-37
180            android:theme="@style/StripeTransparentTheme" />
180-->[com.stripe:payments-core:20.36.0] AndroidManifest.xml:35:13-58
181        <!--
182        Set android:launchMode="singleTop" so that the StripeBrowserLauncherActivity instance that
183        launched the browser Activity will also handle the return URL deep link.
184        -->
185        <activity
185-->[com.stripe:payments-core:20.36.0] AndroidManifest.xml:41:9-45:61
186            android:name="com.stripe.android.payments.StripeBrowserLauncherActivity"
186-->[com.stripe:payments-core:20.36.0] AndroidManifest.xml:42:13-85
187            android:exported="false"
187-->[com.stripe:payments-core:20.36.0] AndroidManifest.xml:43:13-37
188            android:launchMode="singleTask"
188-->[com.stripe:payments-core:20.36.0] AndroidManifest.xml:44:13-44
189            android:theme="@style/StripeTransparentTheme" />
189-->[com.stripe:payments-core:20.36.0] AndroidManifest.xml:45:13-58
190        <activity
190-->[com.stripe:payments-core:20.36.0] AndroidManifest.xml:46:9-63:20
191            android:name="com.stripe.android.payments.StripeBrowserProxyReturnActivity"
191-->[com.stripe:payments-core:20.36.0] AndroidManifest.xml:47:13-88
192            android:exported="true"
192-->[com.stripe:payments-core:20.36.0] AndroidManifest.xml:48:13-36
193            android:launchMode="singleTask"
193-->[com.stripe:payments-core:20.36.0] AndroidManifest.xml:49:13-44
194            android:theme="@style/StripeTransparentTheme" >
194-->[com.stripe:payments-core:20.36.0] AndroidManifest.xml:50:13-58
195            <intent-filter>
195-->[com.stripe:payments-core:20.36.0] AndroidManifest.xml:51:13-62:29
196                <action android:name="android.intent.action.VIEW" />
196-->[com.stripe:link:20.36.0] AndroidManifest.xml:21:17-69
196-->[com.stripe:link:20.36.0] AndroidManifest.xml:21:25-66
197
198                <category android:name="android.intent.category.DEFAULT" />
198-->[com.stripe:link:20.36.0] AndroidManifest.xml:23:17-76
198-->[com.stripe:link:20.36.0] AndroidManifest.xml:23:27-73
199                <category android:name="android.intent.category.BROWSABLE" />
199-->[com.stripe:link:20.36.0] AndroidManifest.xml:24:17-78
199-->[com.stripe:link:20.36.0] AndroidManifest.xml:24:27-75
200
201                <!-- Must match `DefaultReturnUrl#value`. -->
202                <data
202-->[com.stripe:link:20.36.0] AndroidManifest.xml:26:17-29:51
203                    android:host="payment_return_url"
203-->[com.stripe:link:20.36.0] AndroidManifest.xml:27:21-44
204                    android:path="/com.example.tomenaguita"
204-->[com.stripe:link:20.36.0] AndroidManifest.xml:28:21-53
205                    android:scheme="stripesdk" />
205-->[com.stripe:link:20.36.0] AndroidManifest.xml:29:21-48
206            </intent-filter>
207        </activity>
208        <activity
208-->[com.stripe:payments-core:20.36.0] AndroidManifest.xml:64:9-67:57
209            android:name="com.stripe.android.payments.core.authentication.threeds2.Stripe3ds2TransactionActivity"
209-->[com.stripe:payments-core:20.36.0] AndroidManifest.xml:65:13-114
210            android:exported="false"
210-->[com.stripe:payments-core:20.36.0] AndroidManifest.xml:66:13-37
211            android:theme="@style/StripeDefaultTheme" />
211-->[com.stripe:payments-core:20.36.0] AndroidManifest.xml:67:13-54
212        <activity
212-->[com.stripe:payments-core:20.36.0] AndroidManifest.xml:68:9-71:66
213            android:name="com.stripe.android.googlepaylauncher.GooglePayLauncherActivity"
213-->[com.stripe:payments-core:20.36.0] AndroidManifest.xml:69:13-90
214            android:exported="false"
214-->[com.stripe:payments-core:20.36.0] AndroidManifest.xml:70:13-37
215            android:theme="@style/StripeGooglePayDefaultTheme" />
215-->[com.stripe:payments-core:20.36.0] AndroidManifest.xml:71:13-63
216        <activity
216-->[com.stripe:payments-core:20.36.0] AndroidManifest.xml:72:9-75:66
217            android:name="com.stripe.android.googlepaylauncher.GooglePayPaymentMethodLauncherActivity"
217-->[com.stripe:payments-core:20.36.0] AndroidManifest.xml:73:13-103
218            android:exported="false"
218-->[com.stripe:payments-core:20.36.0] AndroidManifest.xml:74:13-37
219            android:theme="@style/StripeGooglePayDefaultTheme" />
219-->[com.stripe:payments-core:20.36.0] AndroidManifest.xml:75:13-63
220        <activity
220-->[com.stripe:payments-core:20.36.0] AndroidManifest.xml:76:9-79:68
221            android:name="com.stripe.android.payments.paymentlauncher.PaymentLauncherConfirmationActivity"
221-->[com.stripe:payments-core:20.36.0] AndroidManifest.xml:77:13-107
222            android:exported="false"
222-->[com.stripe:payments-core:20.36.0] AndroidManifest.xml:78:13-37
223            android:theme="@style/StripePayLauncherDefaultTheme" />
223-->[com.stripe:payments-core:20.36.0] AndroidManifest.xml:79:13-65
224        <activity
224-->[com.stripe:payments-core:20.36.0] AndroidManifest.xml:80:9-83:61
225            android:name="com.stripe.android.payments.bankaccount.ui.CollectBankAccountActivity"
225-->[com.stripe:payments-core:20.36.0] AndroidManifest.xml:81:13-97
226            android:exported="false"
226-->[com.stripe:payments-core:20.36.0] AndroidManifest.xml:82:13-37
227            android:theme="@style/StripeTransparentTheme" />
227-->[com.stripe:payments-core:20.36.0] AndroidManifest.xml:83:13-58
228        <activity
228-->[com.stripe:stripe-3ds2-android:6.1.7] AndroidManifest.xml:8:9-11:54
229            android:name="com.stripe.android.stripe3ds2.views.ChallengeActivity"
229-->[com.stripe:stripe-3ds2-android:6.1.7] AndroidManifest.xml:9:13-81
230            android:exported="false"
230-->[com.stripe:stripe-3ds2-android:6.1.7] AndroidManifest.xml:10:13-37
231            android:theme="@style/Stripe3DS2Theme" /> <!-- Needs to be explicitly declared on P+ -->
231-->[com.stripe:stripe-3ds2-android:6.1.7] AndroidManifest.xml:11:13-51
232        <uses-library
232-->[com.google.android.gms:play-services-maps:18.2.0] AndroidManifest.xml:39:9-41:40
233            android:name="org.apache.http.legacy"
233-->[com.google.android.gms:play-services-maps:18.2.0] AndroidManifest.xml:40:13-50
234            android:required="false" />
234-->[com.google.android.gms:play-services-maps:18.2.0] AndroidManifest.xml:41:13-37
235
236        <service
236-->[com.google.firebase:firebase-storage-ktx:20.3.0] AndroidManifest.xml:9:9-15:19
237            android:name="com.google.firebase.components.ComponentDiscoveryService"
237-->[com.google.firebase:firebase-storage-ktx:20.3.0] AndroidManifest.xml:10:13-84
238            android:directBootAware="true"
238-->[com.google.firebase:firebase-common:20.4.2] AndroidManifest.xml:32:13-43
239            android:exported="false" >
239-->[com.google.firebase:firebase-storage-ktx:20.3.0] AndroidManifest.xml:11:13-37
240            <meta-data
240-->[com.google.firebase:firebase-storage-ktx:20.3.0] AndroidManifest.xml:12:13-14:85
241                android:name="com.google.firebase.components:com.google.firebase.storage.ktx.FirebaseStorageLegacyRegistrar"
241-->[com.google.firebase:firebase-storage-ktx:20.3.0] AndroidManifest.xml:13:17-125
242                android:value="com.google.firebase.components.ComponentRegistrar" />
242-->[com.google.firebase:firebase-storage-ktx:20.3.0] AndroidManifest.xml:14:17-82
243            <meta-data
243-->[com.google.firebase:firebase-storage:20.3.0] AndroidManifest.xml:30:13-32:85
244                android:name="com.google.firebase.components:com.google.firebase.storage.FirebaseStorageKtxRegistrar"
244-->[com.google.firebase:firebase-storage:20.3.0] AndroidManifest.xml:31:17-118
245                android:value="com.google.firebase.components.ComponentRegistrar" />
245-->[com.google.firebase:firebase-storage:20.3.0] AndroidManifest.xml:32:17-82
246            <meta-data
246-->[com.google.firebase:firebase-storage:20.3.0] AndroidManifest.xml:33:13-35:85
247                android:name="com.google.firebase.components:com.google.firebase.storage.StorageRegistrar"
247-->[com.google.firebase:firebase-storage:20.3.0] AndroidManifest.xml:34:17-107
248                android:value="com.google.firebase.components.ComponentRegistrar" />
248-->[com.google.firebase:firebase-storage:20.3.0] AndroidManifest.xml:35:17-82
249            <meta-data
249-->[com.google.firebase:firebase-firestore-ktx:24.10.0] AndroidManifest.xml:12:13-14:85
250                android:name="com.google.firebase.components:com.google.firebase.firestore.ktx.FirebaseFirestoreLegacyRegistrar"
250-->[com.google.firebase:firebase-firestore-ktx:24.10.0] AndroidManifest.xml:13:17-129
251                android:value="com.google.firebase.components.ComponentRegistrar" />
251-->[com.google.firebase:firebase-firestore-ktx:24.10.0] AndroidManifest.xml:14:17-82
252            <meta-data
252-->[com.google.firebase:firebase-firestore:24.10.0] AndroidManifest.xml:17:13-19:85
253                android:name="com.google.firebase.components:com.google.firebase.firestore.FirebaseFirestoreKtxRegistrar"
253-->[com.google.firebase:firebase-firestore:24.10.0] AndroidManifest.xml:18:17-122
254                android:value="com.google.firebase.components.ComponentRegistrar" />
254-->[com.google.firebase:firebase-firestore:24.10.0] AndroidManifest.xml:19:17-82
255            <meta-data
255-->[com.google.firebase:firebase-firestore:24.10.0] AndroidManifest.xml:20:13-22:85
256                android:name="com.google.firebase.components:com.google.firebase.firestore.FirestoreRegistrar"
256-->[com.google.firebase:firebase-firestore:24.10.0] AndroidManifest.xml:21:17-111
257                android:value="com.google.firebase.components.ComponentRegistrar" />
257-->[com.google.firebase:firebase-firestore:24.10.0] AndroidManifest.xml:22:17-82
258            <meta-data
258-->[com.google.firebase:firebase-auth-ktx:22.3.0] AndroidManifest.xml:11:13-13:85
259                android:name="com.google.firebase.components:com.google.firebase.auth.ktx.FirebaseAuthLegacyRegistrar"
259-->[com.google.firebase:firebase-auth-ktx:22.3.0] AndroidManifest.xml:12:17-119
260                android:value="com.google.firebase.components.ComponentRegistrar" />
260-->[com.google.firebase:firebase-auth-ktx:22.3.0] AndroidManifest.xml:13:17-82
261            <meta-data
261-->[com.google.firebase:firebase-auth:22.3.0] AndroidManifest.xml:69:13-71:85
262                android:name="com.google.firebase.components:com.google.firebase.auth.FirebaseAuthRegistrar"
262-->[com.google.firebase:firebase-auth:22.3.0] AndroidManifest.xml:70:17-109
263                android:value="com.google.firebase.components.ComponentRegistrar" />
263-->[com.google.firebase:firebase-auth:22.3.0] AndroidManifest.xml:71:17-82
264            <meta-data
264-->[com.google.firebase:firebase-appcheck:17.1.1] AndroidManifest.xml:25:13-27:85
265                android:name="com.google.firebase.components:com.google.firebase.appcheck.FirebaseAppCheckKtxRegistrar"
265-->[com.google.firebase:firebase-appcheck:17.1.1] AndroidManifest.xml:26:17-120
266                android:value="com.google.firebase.components.ComponentRegistrar" />
266-->[com.google.firebase:firebase-appcheck:17.1.1] AndroidManifest.xml:27:17-82
267            <meta-data
267-->[com.google.firebase:firebase-appcheck:17.1.1] AndroidManifest.xml:28:13-30:85
268                android:name="com.google.firebase.components:com.google.firebase.appcheck.FirebaseAppCheckRegistrar"
268-->[com.google.firebase:firebase-appcheck:17.1.1] AndroidManifest.xml:29:17-117
269                android:value="com.google.firebase.components.ComponentRegistrar" />
269-->[com.google.firebase:firebase-appcheck:17.1.1] AndroidManifest.xml:30:17-82
270            <meta-data
270-->[com.google.firebase:firebase-common-ktx:20.4.2] AndroidManifest.xml:12:13-14:85
271                android:name="com.google.firebase.components:com.google.firebase.ktx.FirebaseCommonLegacyRegistrar"